Using pre-set license
Built from '2022.3/staging' branch; Version is '2022.3.27f1 (73effa14754f) revision 7598074'; Using compiler version '192829333'; Build Type 'Release'
OS: 'Windows 11  (10.0.22631) 64bit CoreSingleLanguage' Language: 'en' Physical Memory: 16163 MB
BatchMode: 1, IsHumanControllingUs: 0, StartBugReporterOnCrash: 0, Is64bit: 1, IsPro: 1

COMMAND LINE ARGUMENTS:
E:\UnityEditor\2022.3.27f1\Editor\Unity.exe
-adb2
-batchMode
-noUpm
-name
AssetImportWorker1
-projectPath
F:/Unity_Project/Editor/PC/Offline/3D/Chess 3D
-logFile
Logs/AssetImportWorker1.log
-srvPort
51110
Successfully changed project path to: F:/Unity_Project/Editor/PC/Offline/3D/Chess 3D
F:/Unity_Project/Editor/PC/Offline/3D/Chess 3D
[UnityMemory] Configuration Parameters - Can be set up in boot.config
    "memorysetup-bucket-allocator-granularity=16"
    "memorysetup-bucket-allocator-bucket-count=8"
    "memorysetup-bucket-allocator-block-size=33554432"
    "memorysetup-bucket-allocator-block-count=8"
    "memorysetup-main-allocator-block-size=16777216"
    "memorysetup-thread-allocator-block-size=16777216"
    "memorysetup-gfx-main-allocator-block-size=16777216"
    "memorysetup-gfx-thread-allocator-block-size=16777216"
    "memorysetup-cache-allocator-block-size=4194304"
    "memorysetup-typetree-allocator-block-size=2097152"
    "memorysetup-profiler-bucket-allocator-granularity=16"
    "memorysetup-profiler-bucket-allocator-bucket-count=8"
    "memorysetup-profiler-bucket-allocator-block-size=33554432"
    "memorysetup-profiler-bucket-allocator-block-count=8"
    "memorysetup-profiler-allocator-block-size=16777216"
    "memorysetup-profiler-editor-allocator-block-size=1048576"
    "memorysetup-temp-allocator-size-main=16777216"
    "memorysetup-job-temp-allocator-block-size=2097152"
    "memorysetup-job-temp-allocator-block-size-background=1048576"
    "memorysetup-job-temp-allocator-reduction-small-platforms=262144"
    "memorysetup-allocator-temp-initial-block-size-main=262144"
    "memorysetup-allocator-temp-initial-block-size-worker=262144"
    "memorysetup-temp-allocator-size-background-worker=32768"
    "memorysetup-temp-allocator-size-job-worker=262144"
    "memorysetup-temp-allocator-size-preload-manager=33554432"
    "memorysetup-temp-allocator-size-nav-mesh-worker=65536"
    "memorysetup-temp-allocator-size-audio-worker=65536"
    "memorysetup-temp-allocator-size-cloud-worker=32768"
    "memorysetup-temp-allocator-size-gi-baking-worker=262144"
    "memorysetup-temp-allocator-size-gfx=262144"
Player connection [15468] Host "[IP] 192.168.0.102 [Port] 0 [Flags] 2 [Guid] 2837965442 [EditorId] 2837965442 [Version] 1048832 [Id] WindowsEditor(7,MQuang) [Debug] 1 [PackageName] WindowsEditor [ProjectName] Editor" joined multi-casting on [225.0.0.222:54997]...

Player connection [15468] Host "[IP] 192.168.0.102 [Port] 0 [Flags] 2 [Guid] 2837965442 [EditorId] 2837965442 [Version] 1048832 [Id] WindowsEditor(7,MQuang) [Debug] 1 [PackageName] WindowsEditor [ProjectName] Editor" joined alternative multi-casting on [225.0.0.222:34997]...

[Physics::Module] Initialized MultithreadedJobDispatcher with 11 workers.
Refreshing native plugins compatible for Editor in 5.13 ms, found 3 plugins.
Preloading 0 native plugins for Editor in 0.00 ms.
Initialize engine version: 2022.3.27f1 (73effa14754f)
[Subsystems] Discovering subsystems at path E:/UnityEditor/2022.3.27f1/Editor/Data/Resources/UnitySubsystems
[Subsystems] Discovering subsystems at path F:/Unity_Project/Editor/PC/Offline/3D/Chess 3D/Assets
GfxDevice: creating device client; threaded=0; jobified=0
Direct3D:
    Version:  Direct3D 11.0 [level 11.1]
    Renderer: NVIDIA GeForce GTX 1650 (ID=0x1f9d)
    Vendor:   NVIDIA
    VRAM:     3962 MB
    Driver:   31.0.15.1748
Initialize mono
Mono path[0] = 'E:/UnityEditor/2022.3.27f1/Editor/Data/Managed'
Mono path[1] = 'E:/UnityEditor/2022.3.27f1/Editor/Data/MonoBleedingEdge/lib/mono/unityjit-win32'
Mono config path = 'E:/UnityEditor/2022.3.27f1/Editor/Data/MonoBleedingEdge/etc'
Using monoOptions --debugger-agent=transport=dt_socket,embedding=1,server=y,suspend=n,address=127.0.0.1:56728
Begin MonoManager ReloadAssembly
Registering precompiled unity dll's ...
Register platform support module: E:/UnityEditor/2022.3.27f1/Editor/Data/PlaybackEngines/WebGLSupport/UnityEditor.WebGL.Extensions.dll
Register platform support module: E:/UnityEditor/2022.3.27f1/Editor/Data/PlaybackEngines/AndroidPlayer/UnityEditor.Android.Extensions.dll
Register platform support module: E:/UnityEditor/2022.3.27f1/Editor/Data/PlaybackEngines/WindowsStandaloneSupport/UnityEditor.WindowsStandalone.Extensions.dll
Registered in 0.003226 seconds.
- Loaded All Assemblies, in  0.336 seconds
Native extension for WindowsStandalone target not found
Native extension for Android target not found
Android Extension - Scanning For ADB Devices 235 ms
Native extension for WebGL target not found
Mono: successfully reloaded assembly
- Finished resetting the current domain, in  0.587 seconds
Domain Reload Profiling: 923ms
	BeginReloadAssembly (102ms)
		ExecutionOrderSort (0ms)
		DisableScriptedObjects (0ms)
		BackupInstance (0ms)
		ReleaseScriptingObjects (0ms)
		CreateAndSetChildDomain (1ms)
	RebuildCommonClasses (33ms)
	RebuildNativeTypeToScriptingClass (10ms)
	initialDomainReloadingComplete (47ms)
	LoadAllAssembliesAndSetupDomain (143ms)
		LoadAssemblies (102ms)
		RebuildTransferFunctionScriptingTraits (0ms)
		AnalyzeDomain (140ms)
			TypeCache.Refresh (138ms)
				TypeCache.ScanAssembly (125ms)
			ScanForSourceGeneratedMonoScriptInfo (0ms)
			ResolveRequiredComponents (0ms)
	FinalizeReload (587ms)
		ReleaseScriptCaches (0ms)
		RebuildScriptCaches (0ms)
		SetupLoadedEditorAssemblies (529ms)
			LogAssemblyErrors (0ms)
			InitializePlatformSupportModulesInManaged (355ms)
			SetLoadedEditorAssemblies (4ms)
			RefreshPlugins (0ms)
			BeforeProcessingInitializeOnLoad (3ms)
			ProcessInitializeOnLoadAttributes (122ms)
			ProcessInitializeOnLoadMethodAttributes (45ms)
			AfterProcessingInitializeOnLoad (0ms)
			EditorAssembliesLoaded (0ms)
		ExecutionOrderSort2 (0ms)
		AwakeInstancesAfterBackupRestoration (0ms)
========================================================================
Worker process is ready to serve import requests
Begin MonoManager ReloadAssembly
- Loaded All Assemblies, in  0.613 seconds
Refreshing native plugins compatible for Editor in 2.56 ms, found 3 plugins.
Native extension for WindowsStandalone target not found
Native extension for Android target not found
Native extension for WebGL target not found
Package Manager log level set to [2]
[Package Manager] Server::EnsureServerProcessIsRunning -- launch failed, reason: Unity was launched with the -noUpm command-line argument
[Package Manager] UpmClient::Send -- Unable to send message (not connected to UPM process).
[Package Manager] Cannot connect to Unity Package Manager local server
Mono: successfully reloaded assembly
- Finished resetting the current domain, in  0.572 seconds
Domain Reload Profiling: 1185ms
	BeginReloadAssembly (150ms)
		ExecutionOrderSort (0ms)
		DisableScriptedObjects (5ms)
		BackupInstance (0ms)
		ReleaseScriptingObjects (0ms)
		CreateAndSetChildDomain (23ms)
	RebuildCommonClasses (32ms)
	RebuildNativeTypeToScriptingClass (10ms)
	initialDomainReloadingComplete (37ms)
	LoadAllAssembliesAndSetupDomain (385ms)
		LoadAssemblies (285ms)
		RebuildTransferFunctionScriptingTraits (0ms)
		AnalyzeDomain (189ms)
			TypeCache.Refresh (163ms)
				TypeCache.ScanAssembly (145ms)
			ScanForSourceGeneratedMonoScriptInfo (18ms)
			ResolveRequiredComponents (6ms)
	FinalizeReload (572ms)
		ReleaseScriptCaches (0ms)
		RebuildScriptCaches (0ms)
		SetupLoadedEditorAssemblies (412ms)
			LogAssemblyErrors (0ms)
			InitializePlatformSupportModulesInManaged (25ms)
			SetLoadedEditorAssemblies (5ms)
			RefreshPlugins (0ms)
			BeforeProcessingInitializeOnLoad (52ms)
			ProcessInitializeOnLoadAttributes (305ms)
			ProcessInitializeOnLoadMethodAttributes (23ms)
			AfterProcessingInitializeOnLoad (2ms)
			EditorAssembliesLoaded (0ms)
		ExecutionOrderSort2 (0ms)
		AwakeInstancesAfterBackupRestoration (6ms)
Launched and connected shader compiler UnityShaderCompiler.exe after 0.05 seconds
Refreshing native plugins compatible for Editor in 1.66 ms, found 3 plugins.
Preloading 0 native plugins for Editor in 0.00 ms.
Unloading 3096 Unused Serialized files (Serialized files now loaded: 0)
Unloading 33 unused Assets / (57.5 KB). Loaded Objects now: 3559.
Memory consumption went from 126.5 MB to 126.5 MB.
Total: 3.759000 ms (FindLiveObjects: 0.361500 ms CreateObjectMapping: 0.305500 ms MarkObjects: 2.948500 ms  DeleteObjects: 0.141200 ms)

AssetImportParameters requested are different than current active one (requested -> active):
  custom:container-demuxer-ogg: 62fdf1f143b41e24485cea50d1cbac27 -> 
  custom:video-codec-MediaFoundation-h265: 746d11721c4dcdbdad8f713fa42b33f4 -> 
  custom:video-decoder-ogg-theora: a1e56fd34408186e4bbccfd4996cb3dc -> 
  custom:framework-win-MediaFoundation: 216162199b28c13a410421893ffa2e32 -> 
  custom:CustomObjectIndexerAttribute: 9a22284fe3817be447336de3de66b15e -> 
  custom:container-demuxer-webm: 4f35f7cbe854078d1ac9338744f61a02 -> 
  custom:container-muxer-webm: aa71ff27fc2769a1b78a27578f13a17b -> 
  custom:video-decoder-webm-vp8: 9c59270c3fd7afecdb556c50c9e8de78 -> 
  custom:SearchIndexIgnoredProperties: e643bd26f0fe6173181afceb89e7c659 -> 
  custom:AudioImporter_EditorPlatform: d09bf68614088b80899f8185d706f6e7 -> 
  custom:video-encoder-webm-vp8: eb34c28f22e8b96e1ab97ce403110664 -> 
  custom:audio-decoder-ogg-vorbis: bf7c407c2cedff20999df2af8eb42d56 -> 
  custom:audio-encoder-webm-vorbis: bf7c407c2cedff20999df2af8eb42d56 -> 
========================================================================
Received Import Request.
  Time since last request: 1270.752887 seconds.
  path: Assets/Zololgo
  artifactKey: Guid(7bdf345da4db47845914aa91a59e2d01) Importer(815301076,1909f56bfc062723c751e8b465ee728b)
Start importing Assets/Zololgo using Guid(7bdf345da4db47845914aa91a59e2d01) Importer(815301076,1909f56bfc062723c751e8b465ee728b)  -> (artifact id: '78ee69d172751d99c86b192c416a0fcd') in 0.003060 seconds
Number of updated asset objects reloaded before import = 0
Number of asset objects unloaded after import = 0
========================================================================
Received Import Request.
  Time since last request: 33.832363 seconds.
  path: Assets/Zololgo/FlatPoly Chess and Checkers/Prefabs/Environment/chess_environment_tree_a_02.prefab
  artifactKey: Guid(fafb6c2fcaf273340a3eb64a47352710) Importer(815301076,1909f56bfc062723c751e8b465ee728b)
Start importing Assets/Zololgo/FlatPoly Chess and Checkers/Prefabs/Environment/chess_environment_tree_a_02.prefab using Guid(fafb6c2fcaf273340a3eb64a47352710) Importer(815301076,1909f56bfc062723c751e8b465ee728b)  -> (artifact id: '5154edaa06dc3a6aadc9e610885608d8') in 0.287636 seconds
Number of updated asset objects reloaded before import = 0
Number of asset objects unloaded after import = 9
========================================================================
Received Import Request.
  Time since last request: 0.000075 seconds.
  path: Assets/Zololgo/FlatPoly Chess and Checkers/Prefabs/Environment/chess_platform_grass_big.prefab
  artifactKey: Guid(b6fabf9112b45984aaa90c0692da1663) Importer(815301076,1909f56bfc062723c751e8b465ee728b)
Start importing Assets/Zololgo/FlatPoly Chess and Checkers/Prefabs/Environment/chess_platform_grass_big.prefab using Guid(b6fabf9112b45984aaa90c0692da1663) Importer(815301076,1909f56bfc062723c751e8b465ee728b)  -> (artifact id: '8c5d59cae9c6089d9ff4bfe813e1790e') in 0.017904 seconds
Number of updated asset objects reloaded before import = 0
Number of asset objects unloaded after import = 9
========================================================================
Received Import Request.
  Time since last request: 0.000035 seconds.
  path: Assets/Zololgo/FlatPoly Chess and Checkers/Prefabs/Environment/chess_environment_tree_b_02.prefab
  artifactKey: Guid(040d801d450eef54bb6e20ccc16831ec) Importer(815301076,1909f56bfc062723c751e8b465ee728b)
Start importing Assets/Zololgo/FlatPoly Chess and Checkers/Prefabs/Environment/chess_environment_tree_b_02.prefab using Guid(040d801d450eef54bb6e20ccc16831ec) Importer(815301076,1909f56bfc062723c751e8b465ee728b)  -> (artifact id: '44bbafa0be0d1517be869f88316a0e3e') in 0.021425 seconds
Number of updated asset objects reloaded before import = 0
Number of asset objects unloaded after import = 9
========================================================================
Received Import Request.
  Time since last request: 0.000035 seconds.
  path: Assets/Zololgo/FlatPoly Chess and Checkers/Prefabs/Environment/chess_platform_grass_White.prefab
  artifactKey: Guid(80f178f5794b0164baa76e698c66c189) Importer(815301076,1909f56bfc062723c751e8b465ee728b)
Start importing Assets/Zololgo/FlatPoly Chess and Checkers/Prefabs/Environment/chess_platform_grass_White.prefab using Guid(80f178f5794b0164baa76e698c66c189) Importer(815301076,1909f56bfc062723c751e8b465ee728b)  -> (artifact id: '8dfeaaec3efa2f161d76e243ec423144') in 0.014818 seconds
Number of updated asset objects reloaded before import = 0
Number of asset objects unloaded after import = 9
========================================================================
Received Import Request.
  Time since last request: 1.980956 seconds.
  path: Assets/Zololgo/FlatPoly Chess and Checkers/Prefabs/Figures/black/checker_black.prefab
  artifactKey: Guid(1a285c8a30929ca44a844efb2529a762) Importer(815301076,1909f56bfc062723c751e8b465ee728b)
Start importing Assets/Zololgo/FlatPoly Chess and Checkers/Prefabs/Figures/black/checker_black.prefab using Guid(1a285c8a30929ca44a844efb2529a762) Importer(815301076,1909f56bfc062723c751e8b465ee728b)  -> (artifact id: 'febe7794084841c76e43c16c4da32b44') in 0.182297 seconds
Number of updated asset objects reloaded before import = 0
Number of asset objects unloaded after import = 10
========================================================================
Received Import Request.
  Time since last request: 0.000038 seconds.
  path: Assets/Zololgo/FlatPoly Chess and Checkers/Prefabs/Figures/black/knight_black.prefab
  artifactKey: Guid(dab7a9048c6048148a328e068e38d10a) Importer(815301076,1909f56bfc062723c751e8b465ee728b)
Start importing Assets/Zololgo/FlatPoly Chess and Checkers/Prefabs/Figures/black/knight_black.prefab using Guid(dab7a9048c6048148a328e068e38d10a) Importer(815301076,1909f56bfc062723c751e8b465ee728b)  -> (artifact id: '75554ddc0ac1a82264050345e6f415c1') in 0.014217 seconds
Number of updated asset objects reloaded before import = 0
Number of asset objects unloaded after import = 10
========================================================================
Received Import Request.
  Time since last request: 0.000032 seconds.
  path: Assets/Zololgo/FlatPoly Chess and Checkers/Prefabs/Figures/black/rook_black.prefab
  artifactKey: Guid(23953964b26154b4189c74914a01980b) Importer(815301076,1909f56bfc062723c751e8b465ee728b)
Start importing Assets/Zololgo/FlatPoly Chess and Checkers/Prefabs/Figures/black/rook_black.prefab using Guid(23953964b26154b4189c74914a01980b) Importer(815301076,1909f56bfc062723c751e8b465ee728b)  -> (artifact id: '39586254350d63476c5bebe9f1b39232') in 0.014814 seconds
Number of updated asset objects reloaded before import = 0
Number of asset objects unloaded after import = 10
========================================================================
Received Import Request.
  Time since last request: 0.000051 seconds.
  path: Assets/Zololgo/FlatPoly Chess and Checkers/Prefabs/Figures/black/king_black.prefab
  artifactKey: Guid(cb59ed938f13f34478596d8a3cd02fa1) Importer(815301076,1909f56bfc062723c751e8b465ee728b)
Start importing Assets/Zololgo/FlatPoly Chess and Checkers/Prefabs/Figures/black/king_black.prefab using Guid(cb59ed938f13f34478596d8a3cd02fa1) Importer(815301076,1909f56bfc062723c751e8b465ee728b)  -> (artifact id: 'cd8e50ab557bc8fca4f37a88fecb97a7') in 0.015716 seconds
Number of updated asset objects reloaded before import = 0
Number of asset objects unloaded after import = 10
========================================================================
Received Import Request.
  Time since last request: 1.536604 seconds.
  path: Assets/Zololgo/FlatPoly Chess and Checkers/Prefabs/BoardElements/board_tile_A_black.prefab
  artifactKey: Guid(b64e48696e8645e479409ed6a1fa88bb) Importer(815301076,1909f56bfc062723c751e8b465ee728b)
Start importing Assets/Zololgo/FlatPoly Chess and Checkers/Prefabs/BoardElements/board_tile_A_black.prefab using Guid(b64e48696e8645e479409ed6a1fa88bb) Importer(815301076,1909f56bfc062723c751e8b465ee728b)  -> (artifact id: '3a0355677d77578c54f7dbdfde295805') in 0.016560 seconds
Number of updated asset objects reloaded before import = 0
Number of asset objects unloaded after import = 10
========================================================================
Received Import Request.
  Time since last request: 0.000028 seconds.
  path: Assets/Zololgo/FlatPoly Chess and Checkers/Prefabs/BoardElements/board_tile_A_white.prefab
  artifactKey: Guid(d61029d578cf577468a601468ec147af) Importer(815301076,1909f56bfc062723c751e8b465ee728b)
Start importing Assets/Zololgo/FlatPoly Chess and Checkers/Prefabs/BoardElements/board_tile_A_white.prefab using Guid(d61029d578cf577468a601468ec147af) Importer(815301076,1909f56bfc062723c751e8b465ee728b)  -> (artifact id: '7b4779f7474727153ad346828d505d82') in 0.015988 seconds
Number of updated asset objects reloaded before import = 0
Number of asset objects unloaded after import = 10
========================================================================
Received Import Request.
  Time since last request: 7.330545 seconds.
  path: Assets/Zololgo/FlatPoly Chess and Checkers/Prefabs/Figures/white/king_white.prefab
  artifactKey: Guid(b3f32587f2a093948bdcfb980eb560c3) Importer(815301076,1909f56bfc062723c751e8b465ee728b)
Start importing Assets/Zololgo/FlatPoly Chess and Checkers/Prefabs/Figures/white/king_white.prefab using Guid(b3f32587f2a093948bdcfb980eb560c3) Importer(815301076,1909f56bfc062723c751e8b465ee728b)  -> (artifact id: 'eb0b1ed803f085c7f6ba99714e33d96f') in 0.017209 seconds
Number of updated asset objects reloaded before import = 0
Number of asset objects unloaded after import = 10
========================================================================
Received Import Request.
  Time since last request: 0.000047 seconds.
  path: Assets/Zololgo/FlatPoly Chess and Checkers/Prefabs/Figures/white/rook_white.prefab
  artifactKey: Guid(8e3e8b2da11f7ee45bf9e4b819a7586b) Importer(815301076,1909f56bfc062723c751e8b465ee728b)
Start importing Assets/Zololgo/FlatPoly Chess and Checkers/Prefabs/Figures/white/rook_white.prefab using Guid(8e3e8b2da11f7ee45bf9e4b819a7586b) Importer(815301076,1909f56bfc062723c751e8b465ee728b)  -> (artifact id: 'fcf89fd2d5d93579c1236f4098764192') in 0.022440 seconds
Number of updated asset objects reloaded before import = 0
Number of asset objects unloaded after import = 10
========================================================================
Received Import Request.
  Time since last request: 1.282057 seconds.
  path: Assets/Zololgo/FlatPoly Chess and Checkers/Models/chess_and_checkers_figures.obj
  artifactKey: Guid(7b1ebbee2001ef74887110b41491763f) Importer(815301076,1909f56bfc062723c751e8b465ee728b)
Start importing Assets/Zololgo/FlatPoly Chess and Checkers/Models/chess_and_checkers_figures.obj using Guid(7b1ebbee2001ef74887110b41491763f) Importer(815301076,1909f56bfc062723c751e8b465ee728b)  -> (artifact id: 'ed127cb1d9173dcb3a90fcae729bdb5c') in 0.153057 seconds
Number of updated asset objects reloaded before import = 0
Number of asset objects unloaded after import = 46
========================================================================
Received Prepare
Begin MonoManager ReloadAssembly
- Loaded All Assemblies, in  0.433 seconds
Refreshing native plugins compatible for Editor in 1.55 ms, found 3 plugins.
Native extension for WindowsStandalone target not found
Native extension for Android target not found
Native extension for WebGL target not found
[Package Manager] Server::EnsureServerProcessIsRunning -- launch failed, reason: Unity was launched with the -noUpm command-line argument
[Package Manager] UpmClient::Send -- Unable to send message (not connected to UPM process).
[Package Manager] Cannot connect to Unity Package Manager local server
Mono: successfully reloaded assembly
- Finished resetting the current domain, in  0.731 seconds
Domain Reload Profiling: 1163ms
	BeginReloadAssembly (163ms)
		ExecutionOrderSort (0ms)
		DisableScriptedObjects (6ms)
		BackupInstance (0ms)
		ReleaseScriptingObjects (0ms)
		CreateAndSetChildDomain (42ms)
	RebuildCommonClasses (33ms)
	RebuildNativeTypeToScriptingClass (11ms)
	initialDomainReloadingComplete (25ms)
	LoadAllAssembliesAndSetupDomain (200ms)
		LoadAssemblies (263ms)
		RebuildTransferFunctionScriptingTraits (0ms)
		AnalyzeDomain (24ms)
			TypeCache.Refresh (10ms)
				TypeCache.ScanAssembly (0ms)
			ScanForSourceGeneratedMonoScriptInfo (8ms)
			ResolveRequiredComponents (4ms)
	FinalizeReload (731ms)
		ReleaseScriptCaches (0ms)
		RebuildScriptCaches (0ms)
		SetupLoadedEditorAssemblies (358ms)
			LogAssemblyErrors (0ms)
			InitializePlatformSupportModulesInManaged (27ms)
			SetLoadedEditorAssemblies (5ms)
			RefreshPlugins (0ms)
			BeforeProcessingInitializeOnLoad (55ms)
			ProcessInitializeOnLoadAttributes (250ms)
			ProcessInitializeOnLoadMethodAttributes (19ms)
			AfterProcessingInitializeOnLoad (2ms)
			EditorAssembliesLoaded (0ms)
		ExecutionOrderSort2 (0ms)
		AwakeInstancesAfterBackupRestoration (6ms)
Refreshing native plugins compatible for Editor in 1.54 ms, found 3 plugins.
Preloading 0 native plugins for Editor in 0.00 ms.
Unloading 3086 Unused Serialized files (Serialized files now loaded: 0)
Unloading 24 unused Assets / (31.3 KB). Loaded Objects now: 3573.
Memory consumption went from 125.3 MB to 125.3 MB.
Total: 2.670800 ms (FindLiveObjects: 0.229100 ms CreateObjectMapping: 0.095600 ms MarkObjects: 2.302700 ms  DeleteObjects: 0.041600 ms)

Prepare: number of updated asset objects reloaded= 0
AssetImportParameters requested are different than current active one (requested -> active):
  custom:container-demuxer-ogg: 62fdf1f143b41e24485cea50d1cbac27 -> 
  custom:video-codec-MediaFoundation-h265: 746d11721c4dcdbdad8f713fa42b33f4 -> 
  custom:video-decoder-ogg-theora: a1e56fd34408186e4bbccfd4996cb3dc -> 
  custom:framework-win-MediaFoundation: 216162199b28c13a410421893ffa2e32 -> 
  custom:CustomObjectIndexerAttribute: 9a22284fe3817be447336de3de66b15e -> 
  custom:container-demuxer-webm: 4f35f7cbe854078d1ac9338744f61a02 -> 
  custom:container-muxer-webm: aa71ff27fc2769a1b78a27578f13a17b -> 
  custom:video-decoder-webm-vp8: 9c59270c3fd7afecdb556c50c9e8de78 -> 
  custom:SearchIndexIgnoredProperties: e643bd26f0fe6173181afceb89e7c659 -> 
  custom:AudioImporter_EditorPlatform: d09bf68614088b80899f8185d706f6e7 -> 
  custom:video-encoder-webm-vp8: eb34c28f22e8b96e1ab97ce403110664 -> 
  custom:audio-decoder-ogg-vorbis: bf7c407c2cedff20999df2af8eb42d56 -> 
  custom:audio-encoder-webm-vorbis: bf7c407c2cedff20999df2af8eb42d56 -> 
========================================================================
Received Import Request.
  Time since last request: 333.728143 seconds.
  path: Assets/G_Asset/External/AurynSky/Forest Pack/Prefabs/ForestBarrel.prefab
  artifactKey: Guid(31d3a77f906791342bc79acdc84f5218) Importer(815301076,1909f56bfc062723c751e8b465ee728b)
Start importing Assets/G_Asset/External/AurynSky/Forest Pack/Prefabs/ForestBarrel.prefab using Guid(31d3a77f906791342bc79acdc84f5218) Importer(815301076,1909f56bfc062723c751e8b465ee728b)  -> (artifact id: 'ec3e4558efb7fcde35f6d720fd3f8281') in 0.193661 seconds
Number of updated asset objects reloaded before import = 0
Number of asset objects unloaded after import = 9
========================================================================
Received Import Request.
  Time since last request: 0.000022 seconds.
  path: Assets/G_Asset/External/AurynSky/Forest Pack/Prefabs/ForestGroundDirt.prefab
  artifactKey: Guid(13f1670c2e187874784d0f667f9057f5) Importer(815301076,1909f56bfc062723c751e8b465ee728b)
Start importing Assets/G_Asset/External/AurynSky/Forest Pack/Prefabs/ForestGroundDirt.prefab using Guid(13f1670c2e187874784d0f667f9057f5) Importer(815301076,1909f56bfc062723c751e8b465ee728b)  -> (artifact id: '4a03a122e2df6c6d9eda366e686dbc31') in 0.019970 seconds
Number of updated asset objects reloaded before import = 0
Number of asset objects unloaded after import = 9
========================================================================
Received Import Request.
  Time since last request: 0.000035 seconds.
  path: Assets/G_Asset/External/AurynSky/Forest Pack/Prefabs/ForestGround02.prefab
  artifactKey: Guid(5cbae0602ce9acf41a98fda3a353569a) Importer(815301076,1909f56bfc062723c751e8b465ee728b)
Start importing Assets/G_Asset/External/AurynSky/Forest Pack/Prefabs/ForestGround02.prefab using Guid(5cbae0602ce9acf41a98fda3a353569a) Importer(815301076,1909f56bfc062723c751e8b465ee728b)  -> (artifact id: 'ee8f097fd54c61bc92fe38281fd1b77e') in 0.016702 seconds
Number of updated asset objects reloaded before import = 0
Number of asset objects unloaded after import = 9
========================================================================
Received Import Request.
  Time since last request: 0.000021 seconds.
  path: Assets/G_Asset/External/AurynSky/Forest Pack/Prefabs/ForestBridgeRegular.prefab
  artifactKey: Guid(38fa18ea33367784c891567389fdfb7a) Importer(815301076,1909f56bfc062723c751e8b465ee728b)
Start importing Assets/G_Asset/External/AurynSky/Forest Pack/Prefabs/ForestBridgeRegular.prefab using Guid(38fa18ea33367784c891567389fdfb7a) Importer(815301076,1909f56bfc062723c751e8b465ee728b)  -> (artifact id: '1e2a3f5be90804afe943962446f92ecc') in 0.016575 seconds
Number of updated asset objects reloaded before import = 0
Number of asset objects unloaded after import = 9
========================================================================
Received Import Request.
  Time since last request: 0.000020 seconds.
  path: Assets/G_Asset/External/AurynSky/Forest Pack/Prefabs/WaterFall.prefab
  artifactKey: Guid(a27d6e7d56bdc84479be345a168e6c70) Importer(815301076,1909f56bfc062723c751e8b465ee728b)
Start importing Assets/G_Asset/External/AurynSky/Forest Pack/Prefabs/WaterFall.prefab using Guid(a27d6e7d56bdc84479be345a168e6c70) Importer(815301076,1909f56bfc062723c751e8b465ee728b)  -> (artifact id: 'ac9a11678c53d0476474648130e34fe1') in 0.051249 seconds
Number of updated asset objects reloaded before import = 0
Number of asset objects unloaded after import = 8
========================================================================
Received Import Request.
  Time since last request: 0.000029 seconds.
  path: Assets/G_Asset/External/AurynSky/Forest Pack/Prefabs/ForestTreePineShort.prefab
  artifactKey: Guid(45fe3ec28eac2064d985117cf812ef9d) Importer(815301076,1909f56bfc062723c751e8b465ee728b)
Start importing Assets/G_Asset/External/AurynSky/Forest Pack/Prefabs/ForestTreePineShort.prefab using Guid(45fe3ec28eac2064d985117cf812ef9d) Importer(815301076,1909f56bfc062723c751e8b465ee728b)  -> (artifact id: '5fc9d95f3225690291f0eaef87c56225') in 0.023969 seconds
Number of updated asset objects reloaded before import = 0
Number of asset objects unloaded after import = 9
========================================================================
Received Import Request.
  Time since last request: 0.000019 seconds.
  path: Assets/G_Asset/External/AurynSky/Forest Pack/Prefabs/ForestBridgeWide.prefab
  artifactKey: Guid(ba7e7b47e14ac404fbe09194158fbf80) Importer(815301076,1909f56bfc062723c751e8b465ee728b)
Start importing Assets/G_Asset/External/AurynSky/Forest Pack/Prefabs/ForestBridgeWide.prefab using Guid(ba7e7b47e14ac404fbe09194158fbf80) Importer(815301076,1909f56bfc062723c751e8b465ee728b)  -> (artifact id: '9e93fdd9290f53c7b72cfe20044db310') in 0.016041 seconds
Number of updated asset objects reloaded before import = 0
Number of asset objects unloaded after import = 9
========================================================================
Received Import Request.
  Time since last request: 0.000023 seconds.
  path: Assets/G_Asset/External/AurynSky/Forest Pack/Prefabs/ForestGround01.prefab
  artifactKey: Guid(1d9cc67243350f643b8c562ed0503c49) Importer(815301076,1909f56bfc062723c751e8b465ee728b)
Start importing Assets/G_Asset/External/AurynSky/Forest Pack/Prefabs/ForestGround01.prefab using Guid(1d9cc67243350f643b8c562ed0503c49) Importer(815301076,1909f56bfc062723c751e8b465ee728b)  -> (artifact id: 'a154196b7d4f9916f4177f5762e2a9b6') in 0.017524 seconds
Number of updated asset objects reloaded before import = 0
Number of asset objects unloaded after import = 9
========================================================================
Received Import Request.
  Time since last request: 0.000034 seconds.
  path: Assets/G_Asset/External/AurynSky/Forest Pack/Prefabs/WaterPixiesSolo.prefab
  artifactKey: Guid(4d1a1b8720d1bc3438a87ab19ed6593a) Importer(815301076,1909f56bfc062723c751e8b465ee728b)
Start importing Assets/G_Asset/External/AurynSky/Forest Pack/Prefabs/WaterPixiesSolo.prefab using Guid(4d1a1b8720d1bc3438a87ab19ed6593a) Importer(815301076,1909f56bfc062723c751e8b465ee728b)  -> (artifact id: 'a8a38449b74c5648f559a49e1361aa55') in 0.037394 seconds
Number of updated asset objects reloaded before import = 0
Number of asset objects unloaded after import = 6
========================================================================
Received Import Request.
  Time since last request: 0.000023 seconds.
  path: Assets/G_Asset/External/AurynSky/Forest Pack/Prefabs/WaterQuadSolo.prefab
  artifactKey: Guid(45a2654ed7e50b945bbbf5ab0a76e645) Importer(815301076,1909f56bfc062723c751e8b465ee728b)
Start importing Assets/G_Asset/External/AurynSky/Forest Pack/Prefabs/WaterQuadSolo.prefab using Guid(45a2654ed7e50b945bbbf5ab0a76e645) Importer(815301076,1909f56bfc062723c751e8b465ee728b)  -> (artifact id: '5ecda3c1b821c341820a7db9addf6dbc') in 0.119667 seconds
Number of updated asset objects reloaded before import = 0
Number of asset objects unloaded after import = 9
========================================================================
Received Import Request.
  Time since last request: 0.000030 seconds.
  path: Assets/G_Asset/External/AurynSky/Forest Pack/Prefabs/ForestTreeDShort.prefab
  artifactKey: Guid(018e38b65bc9fb048a9c4271cdad70c2) Importer(815301076,1909f56bfc062723c751e8b465ee728b)
Start importing Assets/G_Asset/External/AurynSky/Forest Pack/Prefabs/ForestTreeDShort.prefab using Guid(018e38b65bc9fb048a9c4271cdad70c2) Importer(815301076,1909f56bfc062723c751e8b465ee728b)  -> (artifact id: '539de087ff6992f3f7b2b2e6c8997797') in 0.015257 seconds
Number of updated asset objects reloaded before import = 0
Number of asset objects unloaded after import = 9
========================================================================
Received Import Request.
  Time since last request: 0.000319 seconds.
  path: Assets/G_Asset/External/AurynSky/Forest Pack/Prefabs/ForestCastleWindow.prefab
  artifactKey: Guid(fb44b6ca36ace2c46b5dd7d4bf32e371) Importer(815301076,1909f56bfc062723c751e8b465ee728b)
Start importing Assets/G_Asset/External/AurynSky/Forest Pack/Prefabs/ForestCastleWindow.prefab using Guid(fb44b6ca36ace2c46b5dd7d4bf32e371) Importer(815301076,1909f56bfc062723c751e8b465ee728b)  -> (artifact id: 'eb9ca1817b284220147f40e15ecf57a1') in 0.016079 seconds
Number of updated asset objects reloaded before import = 0
Number of asset objects unloaded after import = 9
========================================================================
Received Import Request.
  Time since last request: 0.000020 seconds.
  path: Assets/G_Asset/External/AurynSky/Forest Pack/Prefabs/ForestTreePineTall2.prefab
  artifactKey: Guid(bb8b831afcc06c64f9df984b2ccb8642) Importer(815301076,1909f56bfc062723c751e8b465ee728b)
Start importing Assets/G_Asset/External/AurynSky/Forest Pack/Prefabs/ForestTreePineTall2.prefab using Guid(bb8b831afcc06c64f9df984b2ccb8642) Importer(815301076,1909f56bfc062723c751e8b465ee728b)  -> (artifact id: 'cc8ff9a6b13241844625e348b187b295') in 0.016012 seconds
Number of updated asset objects reloaded before import = 0
Number of asset objects unloaded after import = 9
========================================================================
Received Import Request.
  Time since last request: 0.000036 seconds.
  path: Assets/G_Asset/External/AurynSky/Forest Pack/Prefabs/ForestLadder.prefab
  artifactKey: Guid(8d102e899c856934a9f58af9c7508d59) Importer(815301076,1909f56bfc062723c751e8b465ee728b)
Start importing Assets/G_Asset/External/AurynSky/Forest Pack/Prefabs/ForestLadder.prefab using Guid(8d102e899c856934a9f58af9c7508d59) Importer(815301076,1909f56bfc062723c751e8b465ee728b)  -> (artifact id: 'a065f3acc66ceafe12bf724aff7b3f13') in 0.014917 seconds
Number of updated asset objects reloaded before import = 0
Number of asset objects unloaded after import = 9
========================================================================
Received Import Request.
  Time since last request: 140.201024 seconds.
  path: Assets/G_Asset/Internal/Scripts
  artifactKey: Guid(0bd0e5e58c9a23c4f8ea3e0ffafc9990) Importer(815301076,1909f56bfc062723c751e8b465ee728b)
Start importing Assets/G_Asset/Internal/Scripts using Guid(0bd0e5e58c9a23c4f8ea3e0ffafc9990) Importer(815301076,1909f56bfc062723c751e8b465ee728b)  -> (artifact id: 'da33046ad20e20c592ac603d2e4b78dd') in 0.000636 seconds
Number of updated asset objects reloaded before import = 0
Number of asset objects unloaded after import = 0
========================================================================
Received Import Request.
  Time since last request: 13.519975 seconds.
  path: Assets/G_Asset/Internal/Scripts/MapGenerater.cs
  artifactKey: Guid(2e3238c9a01771144979974c1bd6a2e0) Importer(815301076,1909f56bfc062723c751e8b465ee728b)
Start importing Assets/G_Asset/Internal/Scripts/MapGenerater.cs using Guid(2e3238c9a01771144979974c1bd6a2e0) Importer(815301076,1909f56bfc062723c751e8b465ee728b)  -> (artifact id: '9fb03a1154da46742ee795ea72f1f49c') in 0.000639 seconds
Number of updated asset objects reloaded before import = 0
Number of asset objects unloaded after import = 0
========================================================================
Received Prepare
Begin MonoManager ReloadAssembly
- Loaded All Assemblies, in  0.372 seconds
Refreshing native plugins compatible for Editor in 1.53 ms, found 3 plugins.
Native extension for WindowsStandalone target not found
Native extension for Android target not found
Native extension for WebGL target not found
[Package Manager] Server::EnsureServerProcessIsRunning -- launch failed, reason: Unity was launched with the -noUpm command-line argument
[Package Manager] UpmClient::Send -- Unable to send message (not connected to UPM process).
[Package Manager] Cannot connect to Unity Package Manager local server
Mono: successfully reloaded assembly
- Finished resetting the current domain, in  0.702 seconds
Domain Reload Profiling: 1073ms
	BeginReloadAssembly (144ms)
		ExecutionOrderSort (0ms)
		DisableScriptedObjects (4ms)
		BackupInstance (0ms)
		ReleaseScriptingObjects (0ms)
		CreateAndSetChildDomain (42ms)
	RebuildCommonClasses (33ms)
	RebuildNativeTypeToScriptingClass (10ms)
	initialDomainReloadingComplete (29ms)
	LoadAllAssembliesAndSetupDomain (155ms)
		LoadAssemblies (208ms)
		RebuildTransferFunctionScriptingTraits (0ms)
		AnalyzeDomain (19ms)
			TypeCache.Refresh (8ms)
				TypeCache.ScanAssembly (0ms)
			ScanForSourceGeneratedMonoScriptInfo (6ms)
			ResolveRequiredComponents (4ms)
	FinalizeReload (702ms)
		ReleaseScriptCaches (0ms)
		RebuildScriptCaches (0ms)
		SetupLoadedEditorAssemblies (372ms)
			LogAssemblyErrors (0ms)
			InitializePlatformSupportModulesInManaged (22ms)
			SetLoadedEditorAssemblies (5ms)
			RefreshPlugins (0ms)
			BeforeProcessingInitializeOnLoad (52ms)
			ProcessInitializeOnLoadAttributes (271ms)
			ProcessInitializeOnLoadMethodAttributes (21ms)
			AfterProcessingInitializeOnLoad (2ms)
			EditorAssembliesLoaded (0ms)
		ExecutionOrderSort2 (0ms)
		AwakeInstancesAfterBackupRestoration (6ms)
Refreshing native plugins compatible for Editor in 1.65 ms, found 3 plugins.
Preloading 0 native plugins for Editor in 0.00 ms.
Unloading 3087 Unused Serialized files (Serialized files now loaded: 0)
Unloading 25 unused Assets / (31.7 KB). Loaded Objects now: 3581.
Memory consumption went from 125.7 MB to 125.7 MB.
Total: 3.346000 ms (FindLiveObjects: 0.239200 ms CreateObjectMapping: 0.114200 ms MarkObjects: 2.897700 ms  DeleteObjects: 0.093600 ms)

Prepare: number of updated asset objects reloaded= 0
AssetImportParameters requested are different than current active one (requested -> active):
  custom:container-demuxer-ogg: 62fdf1f143b41e24485cea50d1cbac27 -> 
  custom:video-codec-MediaFoundation-h265: 746d11721c4dcdbdad8f713fa42b33f4 -> 
  custom:video-decoder-ogg-theora: a1e56fd34408186e4bbccfd4996cb3dc -> 
  custom:framework-win-MediaFoundation: 216162199b28c13a410421893ffa2e32 -> 
  custom:CustomObjectIndexerAttribute: 9a22284fe3817be447336de3de66b15e -> 
  custom:container-demuxer-webm: 4f35f7cbe854078d1ac9338744f61a02 -> 
  custom:container-muxer-webm: aa71ff27fc2769a1b78a27578f13a17b -> 
  custom:video-decoder-webm-vp8: 9c59270c3fd7afecdb556c50c9e8de78 -> 
  custom:SearchIndexIgnoredProperties: e643bd26f0fe6173181afceb89e7c659 -> 
  custom:AudioImporter_EditorPlatform: d09bf68614088b80899f8185d706f6e7 -> 
  custom:video-encoder-webm-vp8: eb34c28f22e8b96e1ab97ce403110664 -> 
  custom:audio-decoder-ogg-vorbis: bf7c407c2cedff20999df2af8eb42d56 -> 
  custom:audio-encoder-webm-vorbis: bf7c407c2cedff20999df2af8eb42d56 -> 
========================================================================
Received Prepare
Begin MonoManager ReloadAssembly
- Loaded All Assemblies, in  0.410 seconds
Refreshing native plugins compatible for Editor in 2.30 ms, found 3 plugins.
Native extension for WindowsStandalone target not found
Native extension for Android target not found
Native extension for WebGL target not found
[Package Manager] Server::EnsureServerProcessIsRunning -- launch failed, reason: Unity was launched with the -noUpm command-line argument
[Package Manager] UpmClient::Send -- Unable to send message (not connected to UPM process).
[Package Manager] Cannot connect to Unity Package Manager local server
Mono: successfully reloaded assembly
- Finished resetting the current domain, in  0.821 seconds
Domain Reload Profiling: 1231ms
	BeginReloadAssembly (148ms)
		ExecutionOrderSort (0ms)
		DisableScriptedObjects (6ms)
		BackupInstance (0ms)
		ReleaseScriptingObjects (0ms)
		CreateAndSetChildDomain (44ms)
	RebuildCommonClasses (44ms)
	RebuildNativeTypeToScriptingClass (14ms)
	initialDomainReloadingComplete (31ms)
	LoadAllAssembliesAndSetupDomain (173ms)
		LoadAssemblies (213ms)
		RebuildTransferFunctionScriptingTraits (0ms)
		AnalyzeDomain (24ms)
			TypeCache.Refresh (8ms)
				TypeCache.ScanAssembly (0ms)
			ScanForSourceGeneratedMonoScriptInfo (8ms)
			ResolveRequiredComponents (7ms)
	FinalizeReload (822ms)
		ReleaseScriptCaches (0ms)
		RebuildScriptCaches (0ms)
		SetupLoadedEditorAssemblies (441ms)
			LogAssemblyErrors (0ms)
			InitializePlatformSupportModulesInManaged (30ms)
			SetLoadedEditorAssemblies (4ms)
			RefreshPlugins (0ms)
			BeforeProcessingInitializeOnLoad (50ms)
			ProcessInitializeOnLoadAttributes (334ms)
			ProcessInitializeOnLoadMethodAttributes (21ms)
			AfterProcessingInitializeOnLoad (1ms)
			EditorAssembliesLoaded (0ms)
		ExecutionOrderSort2 (0ms)
		AwakeInstancesAfterBackupRestoration (5ms)
Refreshing native plugins compatible for Editor in 1.63 ms, found 3 plugins.
Preloading 0 native plugins for Editor in 0.00 ms.
Unloading 3087 Unused Serialized files (Serialized files now loaded: 0)
Unloading 23 unused Assets / (30.7 KB). Loaded Objects now: 3584.
Memory consumption went from 125.7 MB to 125.7 MB.
Total: 3.037200 ms (FindLiveObjects: 0.227000 ms CreateObjectMapping: 0.078000 ms MarkObjects: 2.684800 ms  DeleteObjects: 0.046300 ms)

Prepare: number of updated asset objects reloaded= 0
AssetImportParameters requested are different than current active one (requested -> active):
  custom:container-demuxer-ogg: 62fdf1f143b41e24485cea50d1cbac27 -> 
  custom:video-codec-MediaFoundation-h265: 746d11721c4dcdbdad8f713fa42b33f4 -> 
  custom:video-decoder-ogg-theora: a1e56fd34408186e4bbccfd4996cb3dc -> 
  custom:framework-win-MediaFoundation: 216162199b28c13a410421893ffa2e32 -> 
  custom:CustomObjectIndexerAttribute: 9a22284fe3817be447336de3de66b15e -> 
  custom:container-demuxer-webm: 4f35f7cbe854078d1ac9338744f61a02 -> 
  custom:container-muxer-webm: aa71ff27fc2769a1b78a27578f13a17b -> 
  custom:video-decoder-webm-vp8: 9c59270c3fd7afecdb556c50c9e8de78 -> 
  custom:SearchIndexIgnoredProperties: e643bd26f0fe6173181afceb89e7c659 -> 
  custom:AudioImporter_EditorPlatform: d09bf68614088b80899f8185d706f6e7 -> 
  custom:video-encoder-webm-vp8: eb34c28f22e8b96e1ab97ce403110664 -> 
  custom:audio-decoder-ogg-vorbis: bf7c407c2cedff20999df2af8eb42d56 -> 
  custom:audio-encoder-webm-vorbis: bf7c407c2cedff20999df2af8eb42d56 -> 
========================================================================
Received Prepare
Begin MonoManager ReloadAssembly
- Loaded All Assemblies, in  0.394 seconds
Refreshing native plugins compatible for Editor in 1.53 ms, found 3 plugins.
Native extension for WindowsStandalone target not found
Native extension for Android target not found
Native extension for WebGL target not found
[Package Manager] Server::EnsureServerProcessIsRunning -- launch failed, reason: Unity was launched with the -noUpm command-line argument
[Package Manager] UpmClient::Send -- Unable to send message (not connected to UPM process).
[Package Manager] Cannot connect to Unity Package Manager local server
Mono: successfully reloaded assembly
- Finished resetting the current domain, in  0.765 seconds
Domain Reload Profiling: 1160ms
	BeginReloadAssembly (146ms)
		ExecutionOrderSort (0ms)
		DisableScriptedObjects (4ms)
		BackupInstance (0ms)
		ReleaseScriptingObjects (0ms)
		CreateAndSetChildDomain (40ms)
	RebuildCommonClasses (29ms)
	RebuildNativeTypeToScriptingClass (10ms)
	initialDomainReloadingComplete (20ms)
	LoadAllAssembliesAndSetupDomain (188ms)
		LoadAssemblies (238ms)
		RebuildTransferFunctionScriptingTraits (0ms)
		AnalyzeDomain (20ms)
			TypeCache.Refresh (8ms)
				TypeCache.ScanAssembly (0ms)
			ScanForSourceGeneratedMonoScriptInfo (7ms)
			ResolveRequiredComponents (4ms)
	FinalizeReload (766ms)
		ReleaseScriptCaches (0ms)
		RebuildScriptCaches (0ms)
		SetupLoadedEditorAssemblies (377ms)
			LogAssemblyErrors (0ms)
			InitializePlatformSupportModulesInManaged (22ms)
			SetLoadedEditorAssemblies (4ms)
			RefreshPlugins (0ms)
			BeforeProcessingInitializeOnLoad (52ms)
			ProcessInitializeOnLoadAttributes (267ms)
			ProcessInitializeOnLoadMethodAttributes (28ms)
			AfterProcessingInitializeOnLoad (3ms)
			EditorAssembliesLoaded (0ms)
		ExecutionOrderSort2 (0ms)
		AwakeInstancesAfterBackupRestoration (8ms)
Refreshing native plugins compatible for Editor in 2.37 ms, found 3 plugins.
Preloading 0 native plugins for Editor in 0.00 ms.
Unloading 3087 Unused Serialized files (Serialized files now loaded: 0)
Unloading 23 unused Assets / (30.8 KB). Loaded Objects now: 3587.
Memory consumption went from 125.7 MB to 125.7 MB.
Total: 2.506600 ms (FindLiveObjects: 0.230000 ms CreateObjectMapping: 0.076100 ms MarkObjects: 2.151100 ms  DeleteObjects: 0.047900 ms)

Prepare: number of updated asset objects reloaded= 0
AssetImportParameters requested are different than current active one (requested -> active):
  custom:container-demuxer-ogg: 62fdf1f143b41e24485cea50d1cbac27 -> 
  custom:video-codec-MediaFoundation-h265: 746d11721c4dcdbdad8f713fa42b33f4 -> 
  custom:video-decoder-ogg-theora: a1e56fd34408186e4bbccfd4996cb3dc -> 
  custom:framework-win-MediaFoundation: 216162199b28c13a410421893ffa2e32 -> 
  custom:CustomObjectIndexerAttribute: 9a22284fe3817be447336de3de66b15e -> 
  custom:container-demuxer-webm: 4f35f7cbe854078d1ac9338744f61a02 -> 
  custom:container-muxer-webm: aa71ff27fc2769a1b78a27578f13a17b -> 
  custom:video-decoder-webm-vp8: 9c59270c3fd7afecdb556c50c9e8de78 -> 
  custom:SearchIndexIgnoredProperties: e643bd26f0fe6173181afceb89e7c659 -> 
  custom:AudioImporter_EditorPlatform: d09bf68614088b80899f8185d706f6e7 -> 
  custom:video-encoder-webm-vp8: eb34c28f22e8b96e1ab97ce403110664 -> 
  custom:audio-decoder-ogg-vorbis: bf7c407c2cedff20999df2af8eb42d56 -> 
  custom:audio-encoder-webm-vorbis: bf7c407c2cedff20999df2af8eb42d56 -> 
========================================================================
Received Prepare
Begin MonoManager ReloadAssembly
- Loaded All Assemblies, in  0.425 seconds
Refreshing native plugins compatible for Editor in 2.40 ms, found 3 plugins.
Native extension for WindowsStandalone target not found
Native extension for Android target not found
Native extension for WebGL target not found
[Package Manager] Server::EnsureServerProcessIsRunning -- launch failed, reason: Unity was launched with the -noUpm command-line argument
[Package Manager] UpmClient::Send -- Unable to send message (not connected to UPM process).
[Package Manager] Cannot connect to Unity Package Manager local server
Mono: successfully reloaded assembly
- Finished resetting the current domain, in  0.848 seconds
Domain Reload Profiling: 1274ms
	BeginReloadAssembly (174ms)
		ExecutionOrderSort (0ms)
		DisableScriptedObjects (14ms)
		BackupInstance (0ms)
		ReleaseScriptingObjects (0ms)
		CreateAndSetChildDomain (45ms)
	RebuildCommonClasses (28ms)
	RebuildNativeTypeToScriptingClass (17ms)
	initialDomainReloadingComplete (25ms)
	LoadAllAssembliesAndSetupDomain (182ms)
		LoadAssemblies (233ms)
		RebuildTransferFunctionScriptingTraits (0ms)
		AnalyzeDomain (28ms)
			TypeCache.Refresh (10ms)
				TypeCache.ScanAssembly (0ms)
			ScanForSourceGeneratedMonoScriptInfo (9ms)
			ResolveRequiredComponents (7ms)
	FinalizeReload (849ms)
		ReleaseScriptCaches (0ms)
		RebuildScriptCaches (0ms)
		SetupLoadedEditorAssemblies (432ms)
			LogAssemblyErrors (0ms)
			InitializePlatformSupportModulesInManaged (38ms)
			SetLoadedEditorAssemblies (5ms)
			RefreshPlugins (0ms)
			BeforeProcessingInitializeOnLoad (58ms)
			ProcessInitializeOnLoadAttributes (310ms)
			ProcessInitializeOnLoadMethodAttributes (19ms)
			AfterProcessingInitializeOnLoad (2ms)
			EditorAssembliesLoaded (0ms)
		ExecutionOrderSort2 (0ms)
		AwakeInstancesAfterBackupRestoration (6ms)
Refreshing native plugins compatible for Editor in 2.43 ms, found 3 plugins.
Preloading 0 native plugins for Editor in 0.00 ms.
Unloading 3087 Unused Serialized files (Serialized files now loaded: 0)
Unloading 23 unused Assets / (30.8 KB). Loaded Objects now: 3590.
Memory consumption went from 125.7 MB to 125.7 MB.
Total: 2.669900 ms (FindLiveObjects: 0.217300 ms CreateObjectMapping: 0.085900 ms MarkObjects: 2.315600 ms  DeleteObjects: 0.049700 ms)

Prepare: number of updated asset objects reloaded= 0
AssetImportParameters requested are different than current active one (requested -> active):
  custom:container-demuxer-ogg: 62fdf1f143b41e24485cea50d1cbac27 -> 
  custom:video-codec-MediaFoundation-h265: 746d11721c4dcdbdad8f713fa42b33f4 -> 
  custom:video-decoder-ogg-theora: a1e56fd34408186e4bbccfd4996cb3dc -> 
  custom:framework-win-MediaFoundation: 216162199b28c13a410421893ffa2e32 -> 
  custom:CustomObjectIndexerAttribute: 9a22284fe3817be447336de3de66b15e -> 
  custom:container-demuxer-webm: 4f35f7cbe854078d1ac9338744f61a02 -> 
  custom:container-muxer-webm: aa71ff27fc2769a1b78a27578f13a17b -> 
  custom:video-decoder-webm-vp8: 9c59270c3fd7afecdb556c50c9e8de78 -> 
  custom:SearchIndexIgnoredProperties: e643bd26f0fe6173181afceb89e7c659 -> 
  custom:AudioImporter_EditorPlatform: d09bf68614088b80899f8185d706f6e7 -> 
  custom:video-encoder-webm-vp8: eb34c28f22e8b96e1ab97ce403110664 -> 
  custom:audio-decoder-ogg-vorbis: bf7c407c2cedff20999df2af8eb42d56 -> 
  custom:audio-encoder-webm-vorbis: bf7c407c2cedff20999df2af8eb42d56 -> 
========================================================================
Received Prepare
Begin MonoManager ReloadAssembly
- Loaded All Assemblies, in  0.638 seconds
Refreshing native plugins compatible for Editor in 1.76 ms, found 3 plugins.
Native extension for WindowsStandalone target not found
Native extension for Android target not found
Native extension for WebGL target not found
[Package Manager] Server::EnsureServerProcessIsRunning -- launch failed, reason: Unity was launched with the -noUpm command-line argument
[Package Manager] UpmClient::Send -- Unable to send message (not connected to UPM process).
[Package Manager] Cannot connect to Unity Package Manager local server
Mono: successfully reloaded assembly
- Finished resetting the current domain, in  1.001 seconds
Domain Reload Profiling: 1639ms
	BeginReloadAssembly (273ms)
		ExecutionOrderSort (0ms)
		DisableScriptedObjects (10ms)
		BackupInstance (0ms)
		ReleaseScriptingObjects (0ms)
		CreateAndSetChildDomain (42ms)
	RebuildCommonClasses (39ms)
	RebuildNativeTypeToScriptingClass (12ms)
	initialDomainReloadingComplete (27ms)
	LoadAllAssembliesAndSetupDomain (287ms)
		LoadAssemblies (414ms)
		RebuildTransferFunctionScriptingTraits (0ms)
		AnalyzeDomain (44ms)
			TypeCache.Refresh (22ms)
				TypeCache.ScanAssembly (0ms)
			ScanForSourceGeneratedMonoScriptInfo (13ms)
			ResolveRequiredComponents (7ms)
	FinalizeReload (1001ms)
		ReleaseScriptCaches (0ms)
		RebuildScriptCaches (0ms)
		SetupLoadedEditorAssemblies (413ms)
			LogAssemblyErrors (0ms)
			InitializePlatformSupportModulesInManaged (31ms)
			SetLoadedEditorAssemblies (9ms)
			RefreshPlugins (0ms)
			BeforeProcessingInitializeOnLoad (87ms)
			ProcessInitializeOnLoadAttributes (267ms)
			ProcessInitializeOnLoadMethodAttributes (18ms)
			AfterProcessingInitializeOnLoad (1ms)
			EditorAssembliesLoaded (0ms)
		ExecutionOrderSort2 (0ms)
		AwakeInstancesAfterBackupRestoration (7ms)
Refreshing native plugins compatible for Editor in 1.42 ms, found 3 plugins.
Preloading 0 native plugins for Editor in 0.00 ms.
Unloading 3087 Unused Serialized files (Serialized files now loaded: 0)
Unloading 23 unused Assets / (30.8 KB). Loaded Objects now: 3593.
Memory consumption went from 125.7 MB to 125.7 MB.
Total: 2.687400 ms (FindLiveObjects: 0.232600 ms CreateObjectMapping: 0.070900 ms MarkObjects: 2.331400 ms  DeleteObjects: 0.050800 ms)

Prepare: number of updated asset objects reloaded= 0
AssetImportParameters requested are different than current active one (requested -> active):
  custom:container-demuxer-ogg: 62fdf1f143b41e24485cea50d1cbac27 -> 
  custom:video-codec-MediaFoundation-h265: 746d11721c4dcdbdad8f713fa42b33f4 -> 
  custom:video-decoder-ogg-theora: a1e56fd34408186e4bbccfd4996cb3dc -> 
  custom:framework-win-MediaFoundation: 216162199b28c13a410421893ffa2e32 -> 
  custom:CustomObjectIndexerAttribute: 9a22284fe3817be447336de3de66b15e -> 
  custom:container-demuxer-webm: 4f35f7cbe854078d1ac9338744f61a02 -> 
  custom:container-muxer-webm: aa71ff27fc2769a1b78a27578f13a17b -> 
  custom:video-decoder-webm-vp8: 9c59270c3fd7afecdb556c50c9e8de78 -> 
  custom:SearchIndexIgnoredProperties: e643bd26f0fe6173181afceb89e7c659 -> 
  custom:AudioImporter_EditorPlatform: d09bf68614088b80899f8185d706f6e7 -> 
  custom:video-encoder-webm-vp8: eb34c28f22e8b96e1ab97ce403110664 -> 
  custom:audio-decoder-ogg-vorbis: bf7c407c2cedff20999df2af8eb42d56 -> 
  custom:audio-encoder-webm-vorbis: bf7c407c2cedff20999df2af8eb42d56 -> 
========================================================================
Received Prepare
Begin MonoManager ReloadAssembly
- Loaded All Assemblies, in  0.376 seconds
Refreshing native plugins compatible for Editor in 1.74 ms, found 3 plugins.
Native extension for WindowsStandalone target not found
Native extension for Android target not found
Native extension for WebGL target not found
[Package Manager] Server::EnsureServerProcessIsRunning -- launch failed, reason: Unity was launched with the -noUpm command-line argument
[Package Manager] UpmClient::Send -- Unable to send message (not connected to UPM process).
[Package Manager] Cannot connect to Unity Package Manager local server
Mono: successfully reloaded assembly
- Finished resetting the current domain, in  0.683 seconds
Domain Reload Profiling: 1059ms
	BeginReloadAssembly (143ms)
		ExecutionOrderSort (0ms)
		DisableScriptedObjects (4ms)
		BackupInstance (0ms)
		ReleaseScriptingObjects (0ms)
		CreateAndSetChildDomain (37ms)
	RebuildCommonClasses (30ms)
	RebuildNativeTypeToScriptingClass (9ms)
	initialDomainReloadingComplete (29ms)
	LoadAllAssembliesAndSetupDomain (165ms)
		LoadAssemblies (222ms)
		RebuildTransferFunctionScriptingTraits (0ms)
		AnalyzeDomain (19ms)
			TypeCache.Refresh (8ms)
				TypeCache.ScanAssembly (0ms)
			ScanForSourceGeneratedMonoScriptInfo (6ms)
			ResolveRequiredComponents (5ms)
	FinalizeReload (684ms)
		ReleaseScriptCaches (0ms)
		RebuildScriptCaches (0ms)
		SetupLoadedEditorAssemblies (328ms)
			LogAssemblyErrors (0ms)
			InitializePlatformSupportModulesInManaged (21ms)
			SetLoadedEditorAssemblies (4ms)
			RefreshPlugins (0ms)
			BeforeProcessingInitializeOnLoad (56ms)
			ProcessInitializeOnLoadAttributes (228ms)
			ProcessInitializeOnLoadMethodAttributes (17ms)
			AfterProcessingInitializeOnLoad (2ms)
			EditorAssembliesLoaded (0ms)
		ExecutionOrderSort2 (0ms)
		AwakeInstancesAfterBackupRestoration (5ms)
Refreshing native plugins compatible for Editor in 1.47 ms, found 3 plugins.
Preloading 0 native plugins for Editor in 0.00 ms.
Unloading 3087 Unused Serialized files (Serialized files now loaded: 0)
Unloading 23 unused Assets / (30.7 KB). Loaded Objects now: 3596.
Memory consumption went from 125.7 MB to 125.7 MB.
Total: 2.935300 ms (FindLiveObjects: 0.229800 ms CreateObjectMapping: 0.080100 ms MarkObjects: 2.568700 ms  DeleteObjects: 0.055600 ms)

Prepare: number of updated asset objects reloaded= 0
AssetImportParameters requested are different than current active one (requested -> active):
  custom:container-demuxer-ogg: 62fdf1f143b41e24485cea50d1cbac27 -> 
  custom:video-codec-MediaFoundation-h265: 746d11721c4dcdbdad8f713fa42b33f4 -> 
  custom:video-decoder-ogg-theora: a1e56fd34408186e4bbccfd4996cb3dc -> 
  custom:framework-win-MediaFoundation: 216162199b28c13a410421893ffa2e32 -> 
  custom:CustomObjectIndexerAttribute: 9a22284fe3817be447336de3de66b15e -> 
  custom:container-demuxer-webm: 4f35f7cbe854078d1ac9338744f61a02 -> 
  custom:container-muxer-webm: aa71ff27fc2769a1b78a27578f13a17b -> 
  custom:video-decoder-webm-vp8: 9c59270c3fd7afecdb556c50c9e8de78 -> 
  custom:SearchIndexIgnoredProperties: e643bd26f0fe6173181afceb89e7c659 -> 
  custom:AudioImporter_EditorPlatform: d09bf68614088b80899f8185d706f6e7 -> 
  custom:video-encoder-webm-vp8: eb34c28f22e8b96e1ab97ce403110664 -> 
  custom:audio-decoder-ogg-vorbis: bf7c407c2cedff20999df2af8eb42d56 -> 
  custom:audio-encoder-webm-vorbis: bf7c407c2cedff20999df2af8eb42d56 -> 
========================================================================
Received Prepare
Begin MonoManager ReloadAssembly
- Loaded All Assemblies, in  0.350 seconds
Refreshing native plugins compatible for Editor in 1.75 ms, found 3 plugins.
Native extension for WindowsStandalone target not found
Native extension for Android target not found
Native extension for WebGL target not found
[Package Manager] Server::EnsureServerProcessIsRunning -- launch failed, reason: Unity was launched with the -noUpm command-line argument
[Package Manager] UpmClient::Send -- Unable to send message (not connected to UPM process).
[Package Manager] Cannot connect to Unity Package Manager local server
Mono: successfully reloaded assembly
- Finished resetting the current domain, in  0.650 seconds
Domain Reload Profiling: 1000ms
	BeginReloadAssembly (135ms)
		ExecutionOrderSort (0ms)
		DisableScriptedObjects (7ms)
		BackupInstance (0ms)
		ReleaseScriptingObjects (0ms)
		CreateAndSetChildDomain (40ms)
	RebuildCommonClasses (27ms)
	RebuildNativeTypeToScriptingClass (14ms)
	initialDomainReloadingComplete (22ms)
	LoadAllAssembliesAndSetupDomain (151ms)
		LoadAssemblies (193ms)
		RebuildTransferFunctionScriptingTraits (0ms)
		AnalyzeDomain (20ms)
			TypeCache.Refresh (8ms)
				TypeCache.ScanAssembly (0ms)
			ScanForSourceGeneratedMonoScriptInfo (6ms)
			ResolveRequiredComponents (5ms)
	FinalizeReload (650ms)
		ReleaseScriptCaches (0ms)
		RebuildScriptCaches (0ms)
		SetupLoadedEditorAssemblies (316ms)
			LogAssemblyErrors (0ms)
			InitializePlatformSupportModulesInManaged (21ms)
			SetLoadedEditorAssemblies (4ms)
			RefreshPlugins (0ms)
			BeforeProcessingInitializeOnLoad (53ms)
			ProcessInitializeOnLoadAttributes (219ms)
			ProcessInitializeOnLoadMethodAttributes (18ms)
			AfterProcessingInitializeOnLoad (2ms)
			EditorAssembliesLoaded (0ms)
		ExecutionOrderSort2 (0ms)
		AwakeInstancesAfterBackupRestoration (6ms)
Refreshing native plugins compatible for Editor in 1.87 ms, found 3 plugins.
Preloading 0 native plugins for Editor in 0.00 ms.
Unloading 3087 Unused Serialized files (Serialized files now loaded: 0)
Unloading 23 unused Assets / (30.7 KB). Loaded Objects now: 3599.
Memory consumption went from 125.7 MB to 125.7 MB.
Total: 3.067900 ms (FindLiveObjects: 0.211900 ms CreateObjectMapping: 0.088700 ms MarkObjects: 2.720500 ms  DeleteObjects: 0.045700 ms)

Prepare: number of updated asset objects reloaded= 0
AssetImportParameters requested are different than current active one (requested -> active):
  custom:container-demuxer-ogg: 62fdf1f143b41e24485cea50d1cbac27 -> 
  custom:video-codec-MediaFoundation-h265: 746d11721c4dcdbdad8f713fa42b33f4 -> 
  custom:video-decoder-ogg-theora: a1e56fd34408186e4bbccfd4996cb3dc -> 
  custom:framework-win-MediaFoundation: 216162199b28c13a410421893ffa2e32 -> 
  custom:CustomObjectIndexerAttribute: 9a22284fe3817be447336de3de66b15e -> 
  custom:container-demuxer-webm: 4f35f7cbe854078d1ac9338744f61a02 -> 
  custom:container-muxer-webm: aa71ff27fc2769a1b78a27578f13a17b -> 
  custom:video-decoder-webm-vp8: 9c59270c3fd7afecdb556c50c9e8de78 -> 
  custom:SearchIndexIgnoredProperties: e643bd26f0fe6173181afceb89e7c659 -> 
  custom:AudioImporter_EditorPlatform: d09bf68614088b80899f8185d706f6e7 -> 
  custom:video-encoder-webm-vp8: eb34c28f22e8b96e1ab97ce403110664 -> 
  custom:audio-decoder-ogg-vorbis: bf7c407c2cedff20999df2af8eb42d56 -> 
  custom:audio-encoder-webm-vorbis: bf7c407c2cedff20999df2af8eb42d56 -> 
========================================================================
Received Import Request.
  Time since last request: 392.132747 seconds.
  path: Assets/G_Asset/External/AurynSky/Forest Pack/Models/ForestBanner.fbx
  artifactKey: Guid(73866947821a91c4d9d1b41582ae7767) Importer(815301076,1909f56bfc062723c751e8b465ee728b)
Start importing Assets/G_Asset/External/AurynSky/Forest Pack/Models/ForestBanner.fbx using Guid(73866947821a91c4d9d1b41582ae7767) Importer(815301076,1909f56bfc062723c751e8b465ee728b)  -> (artifact id: 'f3fd1a7736b58080bff47e28e538eb54') in 0.147381 seconds
Number of updated asset objects reloaded before import = 0
Number of asset objects unloaded after import = 24
========================================================================
Received Import Request.
  Time since last request: 0.000030 seconds.
  path: Assets/G_Asset/External/AurynSky/Forest Pack/Models/ForestTreeDTall.fbx
  artifactKey: Guid(a2c5addf9682ab24d8a7163ed106e4e8) Importer(815301076,1909f56bfc062723c751e8b465ee728b)
Start importing Assets/G_Asset/External/AurynSky/Forest Pack/Models/ForestTreeDTall.fbx using Guid(a2c5addf9682ab24d8a7163ed106e4e8) Importer(815301076,1909f56bfc062723c751e8b465ee728b)  -> (artifact id: 'c88aa1aa7a5b7148fe6a77d5188810fa') in 0.037168 seconds
Number of updated asset objects reloaded before import = 0
Number of asset objects unloaded after import = 8
========================================================================
Received Import Request.
  Time since last request: 0.000036 seconds.
  path: Assets/G_Asset/External/AurynSky/Forest Pack/Models/ForestGroundDirt.fbx
  artifactKey: Guid(dac1f6a026468af46b8928893e3eea27) Importer(815301076,1909f56bfc062723c751e8b465ee728b)
Start importing Assets/G_Asset/External/AurynSky/Forest Pack/Models/ForestGroundDirt.fbx using Guid(dac1f6a026468af46b8928893e3eea27) Importer(815301076,1909f56bfc062723c751e8b465ee728b)  -> (artifact id: 'bd1dd25b770c0b1678c7a1ef7ba14282') in 0.027937 seconds
Number of updated asset objects reloaded before import = 0
Number of asset objects unloaded after import = 8
========================================================================
Received Import Request.
  Time since last request: 0.000021 seconds.
  path: Assets/G_Asset/External/AurynSky/Forest Pack/Models/ForestGround02.fbx
  artifactKey: Guid(caca2dfcd7da619408439605ff0667a4) Importer(815301076,1909f56bfc062723c751e8b465ee728b)
Start importing Assets/G_Asset/External/AurynSky/Forest Pack/Models/ForestGround02.fbx using Guid(caca2dfcd7da619408439605ff0667a4) Importer(815301076,1909f56bfc062723c751e8b465ee728b)  -> (artifact id: '5dab9f0ed13ac44197bc299567a8bc3f') in 0.024465 seconds
Number of updated asset objects reloaded before import = 0
Number of asset objects unloaded after import = 8
========================================================================
Received Import Request.
  Time since last request: 0.000029 seconds.
  path: Assets/G_Asset/External/AurynSky/Forest Pack/Models/ForestBridgeRegular.fbx
  artifactKey: Guid(27f378e54c3d81f44b2a8420b6896d59) Importer(815301076,1909f56bfc062723c751e8b465ee728b)
Start importing Assets/G_Asset/External/AurynSky/Forest Pack/Models/ForestBridgeRegular.fbx using Guid(27f378e54c3d81f44b2a8420b6896d59) Importer(815301076,1909f56bfc062723c751e8b465ee728b)  -> (artifact id: 'ead68fdee82ac8cf6d226f211af82c4c') in 0.023693 seconds
Number of updated asset objects reloaded before import = 0
Number of asset objects unloaded after import = 8
========================================================================
Received Import Request.
  Time since last request: 0.000021 seconds.
  path: Assets/G_Asset/External/AurynSky/Forest Pack/Models/ForestCoin.fbx
  artifactKey: Guid(200be9953d192cd48a8b41a5db3fd1bf) Importer(815301076,1909f56bfc062723c751e8b465ee728b)
Start importing Assets/G_Asset/External/AurynSky/Forest Pack/Models/ForestCoin.fbx using Guid(200be9953d192cd48a8b41a5db3fd1bf) Importer(815301076,1909f56bfc062723c751e8b465ee728b)  -> (artifact id: '62803d38cbf637f1752bc310a18fbb8f') in 0.023914 seconds
Number of updated asset objects reloaded before import = 0
Number of asset objects unloaded after import = 8
========================================================================
Received Import Request.
  Time since last request: 0.000024 seconds.
  path: Assets/G_Asset/External/AurynSky/Forest Pack/Models/ForestLadderExtra.fbx
  artifactKey: Guid(d3e0e0f50a8a0244682ed6295d472f6f) Importer(815301076,1909f56bfc062723c751e8b465ee728b)
Start importing Assets/G_Asset/External/AurynSky/Forest Pack/Models/ForestLadderExtra.fbx using Guid(d3e0e0f50a8a0244682ed6295d472f6f) Importer(815301076,1909f56bfc062723c751e8b465ee728b)  -> (artifact id: '755cb8ac97869423bc644579608b7f2b') in 0.035380 seconds
Number of updated asset objects reloaded before import = 0
Number of asset objects unloaded after import = 8
========================================================================
Received Import Request.
  Time since last request: 0.000027 seconds.
  path: Assets/G_Asset/External/AurynSky/Forest Pack/Models/ForestBlock01.fbx
  artifactKey: Guid(8f059788f09129548819124918076d2e) Importer(815301076,1909f56bfc062723c751e8b465ee728b)
Start importing Assets/G_Asset/External/AurynSky/Forest Pack/Models/ForestBlock01.fbx using Guid(8f059788f09129548819124918076d2e) Importer(815301076,1909f56bfc062723c751e8b465ee728b)  -> (artifact id: 'ddacec5c3b0155b40bde6081c9ecdf9b') in 0.023774 seconds
Number of updated asset objects reloaded before import = 0
Number of asset objects unloaded after import = 8
========================================================================
Received Import Request.
  Time since last request: 0.000032 seconds.
  path: Assets/G_Asset/External/AurynSky/Forest Pack/Models/ForestCastleDoorR.fbx
  artifactKey: Guid(9093fea64d769c14686f81a998814598) Importer(815301076,1909f56bfc062723c751e8b465ee728b)
Start importing Assets/G_Asset/External/AurynSky/Forest Pack/Models/ForestCastleDoorR.fbx using Guid(9093fea64d769c14686f81a998814598) Importer(815301076,1909f56bfc062723c751e8b465ee728b)  -> (artifact id: '57c3d2bcc11566e02a0267278e5c3339') in 0.022251 seconds
Number of updated asset objects reloaded before import = 0
Number of asset objects unloaded after import = 8
========================================================================
Received Import Request.
  Time since last request: 0.000022 seconds.
  path: Assets/G_Asset/External/AurynSky/Forest Pack/Models/ForestCatapultWheel.fbx
  artifactKey: Guid(3d789200e36f37548bdc5333aed7f702) Importer(815301076,1909f56bfc062723c751e8b465ee728b)
Start importing Assets/G_Asset/External/AurynSky/Forest Pack/Models/ForestCatapultWheel.fbx using Guid(3d789200e36f37548bdc5333aed7f702) Importer(815301076,1909f56bfc062723c751e8b465ee728b)  -> (artifact id: 'd216db849eb386839609586a6fff9577') in 0.026260 seconds
Number of updated asset objects reloaded before import = 0
Number of asset objects unloaded after import = 8
========================================================================
Received Import Request.
  Time since last request: 0.000061 seconds.
  path: Assets/G_Asset/External/AurynSky/Forest Pack/Models/ForestTower.fbx
  artifactKey: Guid(31e91474d696aac42a8e41c3cba06388) Importer(815301076,1909f56bfc062723c751e8b465ee728b)
Start importing Assets/G_Asset/External/AurynSky/Forest Pack/Models/ForestTower.fbx using Guid(31e91474d696aac42a8e41c3cba06388) Importer(815301076,1909f56bfc062723c751e8b465ee728b)  -> (artifact id: '5ebe0479b08a5a05ae80d2800bf8f46b') in 0.022427 seconds
Number of updated asset objects reloaded before import = 0
Number of asset objects unloaded after import = 8
========================================================================
Received Import Request.
  Time since last request: 0.000030 seconds.
  path: Assets/G_Asset/External/AurynSky/Forest Pack/Models/ForestBlock02.fbx
  artifactKey: Guid(481b9e0107aab3041b49f72c38151e69) Importer(815301076,1909f56bfc062723c751e8b465ee728b)
Start importing Assets/G_Asset/External/AurynSky/Forest Pack/Models/ForestBlock02.fbx using Guid(481b9e0107aab3041b49f72c38151e69) Importer(815301076,1909f56bfc062723c751e8b465ee728b)  -> (artifact id: '17080efefa050d05052e62ebe6bfc585') in 0.022854 seconds
Number of updated asset objects reloaded before import = 0
Number of asset objects unloaded after import = 8
========================================================================
Received Import Request.
  Time since last request: 0.000025 seconds.
  path: Assets/G_Asset/External/AurynSky/Forest Pack/Models/ForestTreePineTall.fbx
  artifactKey: Guid(6819aaac952b96048b10875168436abb) Importer(815301076,1909f56bfc062723c751e8b465ee728b)
Start importing Assets/G_Asset/External/AurynSky/Forest Pack/Models/ForestTreePineTall.fbx using Guid(6819aaac952b96048b10875168436abb) Importer(815301076,1909f56bfc062723c751e8b465ee728b)  -> (artifact id: '881daf8fc98258915e2209756a90043f') in 0.022731 seconds
Number of updated asset objects reloaded before import = 0
Number of asset objects unloaded after import = 8
========================================================================
Received Import Request.
  Time since last request: 0.000023 seconds.
  path: Assets/G_Asset/External/AurynSky/Forest Pack/Models/ForestCannonBall.fbx
  artifactKey: Guid(18a61d73650d23046b60f8a548888c12) Importer(815301076,1909f56bfc062723c751e8b465ee728b)
Start importing Assets/G_Asset/External/AurynSky/Forest Pack/Models/ForestCannonBall.fbx using Guid(18a61d73650d23046b60f8a548888c12) Importer(815301076,1909f56bfc062723c751e8b465ee728b)  -> (artifact id: '1f28c72159c510e5107485f3d0febfb8') in 0.022158 seconds
Number of updated asset objects reloaded before import = 0
Number of asset objects unloaded after import = 8
========================================================================
Received Import Request.
  Time since last request: 0.000024 seconds.
  path: Assets/G_Asset/External/AurynSky/Forest Pack/Models/ForestBrazzier.fbx
  artifactKey: Guid(d6810d6654be8544f9195fa0f6d1121a) Importer(815301076,1909f56bfc062723c751e8b465ee728b)
Start importing Assets/G_Asset/External/AurynSky/Forest Pack/Models/ForestBrazzier.fbx using Guid(d6810d6654be8544f9195fa0f6d1121a) Importer(815301076,1909f56bfc062723c751e8b465ee728b)  -> (artifact id: '6bd0c5850d80e41be2295607199bd256') in 0.021585 seconds
Number of updated asset objects reloaded before import = 0
Number of asset objects unloaded after import = 8
========================================================================
Received Import Request.
  Time since last request: 0.000041 seconds.
  path: Assets/G_Asset/External/AurynSky/Forest Pack/Models/ForestGrass01.fbx
  artifactKey: Guid(dc09b7fdd0db0bd499b52f8862b84c83) Importer(815301076,1909f56bfc062723c751e8b465ee728b)
Start importing Assets/G_Asset/External/AurynSky/Forest Pack/Models/ForestGrass01.fbx using Guid(dc09b7fdd0db0bd499b52f8862b84c83) Importer(815301076,1909f56bfc062723c751e8b465ee728b)  -> (artifact id: '9e9647d822a7f58b3f6dccdf6c8103cd') in 0.025695 seconds
Number of updated asset objects reloaded before import = 0
Number of asset objects unloaded after import = 8
========================================================================
Received Import Request.
  Time since last request: 0.000031 seconds.
  path: Assets/G_Asset/External/AurynSky/Forest Pack/Models/ForestLadder.fbx
  artifactKey: Guid(063e70de915dd8843afde64c2c744ef5) Importer(815301076,1909f56bfc062723c751e8b465ee728b)
Start importing Assets/G_Asset/External/AurynSky/Forest Pack/Models/ForestLadder.fbx using Guid(063e70de915dd8843afde64c2c744ef5) Importer(815301076,1909f56bfc062723c751e8b465ee728b)  -> (artifact id: '5bd87a3a6216456ed61f7cf06aaaed93') in 0.023453 seconds
Number of updated asset objects reloaded before import = 0
Number of asset objects unloaded after import = 8
Editor requested this worker to shutdown with reason: Scaling down because of idle timeout
TcpMessagingSession - receive error: operation aborted. errorcode: 995, details: The I/O operation has been aborted because of either a thread exit or an application request.
AssetImportWorker is now disconnected from the server
Process exiting
Exiting without the bug reporter. Application will terminate with return code 0